<?xml version="1.0" encoding="UTF-8"?>
<testsuite name="AddressBookTests" tests="1" skipped="0" failures="0" errors="0" timestamp="2021-08-21T06:02:31" hostname="DESKTOP-TLRN2B1" time="0.038">
  <properties/>
  <testcase name="givenContactArrayListShouldMatchAddressBookCreated()" classname="AddressBookTests" time="0.038"/>
  <system-out><![CDATA[]]></system-out>
  <system-err><![CDATA[]]></system-err>
</testsuite>
