<?xml version="1.0" encoding="UTF-8"?>
<testsuite name="AddressBookTests" tests="1" skipped="0" failures="0" errors="0" timestamp="2021-08-31T11:52:20" hostname="DESKTOP-TLRN2B1" time="0.037">
  <properties/>
  <testcase name="givenContactArrayListShouldMatchAddressBookSize()" classname="AddressBookTests" time="0.037"/>
  <system-out><![CDATA[Contact of Dhiraj added
Contact of Suraj added
]]></system-out>
  <system-err><![CDATA[]]></system-err>
</testsuite>
